INFO:root:
Checking for or creating the database.

INFO:root:Genome Ashbya_gossypii found and added to the database.
INFO:root:Genome Aspergillus_clavatus found and added to the database.
INFO:root:Genome Aspergillus_flavus found and added to the database.
INFO:root:Genome Aspergillus_fumigatus found and added to the database.
INFO:root:Genome Aspergillus_fumigatusa1163 found and added to the database.
INFO:root:Genome Aspergillus_nidulans found and added to the database.
INFO:root:Genome Aspergillus_nidulans found and added to the database.
INFO:root:Genome Aspergillus_niger found and added to the database.
INFO:root:Genome Aspergillus_oryzae found and added to the database.
INFO:root:Genome Aspergillus_oryzae found and added to the database.
INFO:root:Genome Aspergillus_terreus found and added to the database.
INFO:root:Genome Blumeria_graminis found and added to the database.
INFO:root:Genome Botrytis_cinerea found and added to the database.
INFO:root:Genome Colletotrichum_gloeosporioides found and added to the database.
INFO:root:Genome Colletotrichum_graminicola found and added to the database.
INFO:root:Genome Colletotrichum_higginsianum found and added to the database.
INFO:root:Genome Colletotrichum_orbiculare found and added to the database.
INFO:root:Genome Cryptococcus_neoformans found and added to the database.
INFO:root:Genome Dothistroma_septosporum found and added to the database.
INFO:root:Genome candida_glabrata found and added to the database.
INFO:root:Genome candida_tenuis_atcc_10573 found and added to the database.
INFO:root:Genome Acremonium_chrysogenum_atcc_11550 found and added to the database.
INFO:root:Genome Acremonium_chrysogenum_atcc_11550 found and added to the database.
INFO:root:Genome Arthrobotrys_oligospora_atcc_24927 found and added to the database.
INFO:root:Genome Arthroderma_benhamiae_cbs_112371 found and added to the database.
INFO:root:Genome Arthroderma_otae_cbs_113480 found and added to the database.
INFO:root:Genome Arthroderma_otae_cbs_113480 found and added to the database.
INFO:root:Genome Aspergillus_fumigatus_var_rp_2014 found and added to the database.
INFO:root:Genome Aspergillus_niger_atcc_1015 found and added to the database.
INFO:root:Genome Aspergillus_oryzae_100_8 found and added to the database.
INFO:root:Genome Aspergillus_oryzae_3_042 found and added to the database.
INFO:root:Genome Aspergillus_ruber_cbs_135680 found and added to the database.
INFO:root:Genome Aureobasidium_melanogenum_cbs_110374 found and added to the database.
INFO:root:Genome Aureobasidium_namibiae_cbs_147_97 found and added to the database.
INFO:root:Genome Aureobasidium_pullulans_exf_150 found and added to the database.
INFO:root:Genome Aureobasidium_subglaciale_exf_2481 found and added to the database.
INFO:root:Genome Baudoinia_panamericana_uamh_10762 found and added to the database.
INFO:root:Genome Beauveria_bassiana_arsef_2860 found and added to the database.
INFO:root:Genome Bipolaris_maydis_atcc_48331 found and added to the database.
INFO:root:Genome Bipolaris_maydis_c5 found and added to the database.
INFO:root:Genome Bipolaris_oryzae_atcc_44560 found and added to the database.
INFO:root:Genome Bipolaris_sorokiniana_nd90pr found and added to the database.
INFO:root:Genome Bipolaris_victoriae_fi3 found and added to the database.
INFO:root:Genome Bipolaris_zeicola_26_r_13 found and added to the database.
INFO:root:Genome Blastomyces_dermatitidis_atcc_18188 found and added to the database.
INFO:root:Genome Blastomyces_dermatitidis_atcc_18188 found and added to the database.
INFO:root:Genome Blastomyces_dermatitidis_atcc_26199 found and added to the database.
INFO:root:Genome Blastomyces_dermatitidis_er_3 found and added to the database.
INFO:root:Genome Blastomyces_gilchristii_slh14081 found and added to the database.
INFO:root:Genome Blumeria_graminis_f_sp_tritici_96224 found and added to the database.
INFO:root:Genome Botrytis_cinerea_bcdw1 found and added to the database.
INFO:root:Genome Botrytis_cinerea_t4 found and added to the database.
INFO:root:Genome Brettanomyces_bruxellensis_awri1499 found and added to the database.
INFO:root:Genome Byssochlamys_spectabilis_no_5 found and added to the database.
INFO:root:Genome Candida_albicans_gc75 found and added to the database.
INFO:root:Genome Candida_albicans_p37005 found and added to the database.
INFO:root:Genome Candida_albicans_p37037 found and added to the database.
INFO:root:Genome Candida_albicans_p57072 found and added to the database.
INFO:root:Genome Candida_albicans_p78048 found and added to the database.
INFO:root:Genome Candida_albicans_wo_1 found and added to the database.
INFO:root:Genome Candida_albicans_wo_1 found and added to the database.
INFO:root:Genome Candida_dubliniensis_cd36 found and added to the database.
INFO:root:Genome Candida_maltosa_xu316 found and added to the database.
INFO:root:Genome Candida_orthopsilosis_co_90_125 found and added to the database.
INFO:root:Genome Candida_tropicalis_mya_3404 found and added to the database.
INFO:root:Genome Candida_tropicalis_mya_3404 found and added to the database.
INFO:root:Genome Capronia_coronata_cbs_617_96 found and added to the database.
INFO:root:Genome Capronia_epimyces_cbs_606_96 found and added to the database.
INFO:root:Genome Cercospora_fijiensis_cirad86 found and added to the database.
INFO:root:Genome Chaetomium_globosum_cbs_148_51 found and added to the database.
INFO:root:Genome Chaetomium_thermophilum_var_thermophilum_dsm_1495 found and added to the database.
INFO:root:Genome Cladophialophora_carrionii_cbs_160_54 found and added to the database.
INFO:root:Genome Cladophialophora_psammophila_cbs_110553 found and added to the database.
INFO:root:Genome Cladophialophora_yegresii_cbs_114405 found and added to the database.
INFO:root:Genome Claviceps_purpurea_20_1 found and added to the database.
INFO:root:Genome Clavispora_lusitaniae_atcc_42720 found and added to the database.
INFO:root:Genome Coccidioides_immitis_rs found and added to the database.
INFO:root:Genome Coccidioides_immitis_rs found and added to the database.
INFO:root:Genome Coccidioides_posadasii_c735_delta_sowgp found and added to the database.
INFO:root:Genome Coccidioides_posadasii_str_silveira found and added to the database.
INFO:root:Genome Colletotrichum_fioriniae_pj7 found and added to the database.
INFO:root:Genome Colletotrichum_gloeosporioides_cg_14 found and added to the database.
INFO:root:Genome Colletotrichum_sublineola found and added to the database.
INFO:root:Genome Coniosporium_apollinis_cbs_100218 found and added to the database.
INFO:root:Genome Cordyceps_militaris_cm01 found and added to the database.
INFO:root:Genome Cyphellophora_europaea_cbs_101466 found and added to the database.
INFO:root:Genome Dactylellina_haptotyla_cbs_200_50 found and added to the database.
INFO:root:Genome Debaryomyces_hansenii_cbs767 found and added to the database.
INFO:root:Genome Debaryomyces_hansenii_cbs767 found and added to the database.
INFO:root:Genome Drechslerella_stenobrocha_248 found and added to the database.
INFO:root:Genome Endocarpon_pusillum_z07020 found and added to the database.
INFO:root:Genome Eremothecium_cymbalariae_dbvpg_7215 found and added to the database.
INFO:root:Genome Eutypa_lata_ucrel1 found and added to the database.
INFO:root:Genome Exophiala_aquamarina_cbs_119918 found and added to the database.
INFO:root:Genome Exophiala_dermatitidis_nih_ut8656 found and added to the database.
INFO:root:Genome Exophiala_dermatitidis_nih_ut8656 found and added to the database.
INFO:root:Genome Fusarium_graminearum_gca_000599445 found and added to the database.
INFO:root:Genome Fusarium_graminearum_gca_000599445 found and added to the database.
INFO:root:Genome Fusarium_oxysporum_f_sp_conglutinans_race_2_54008 found and added to the database.
INFO:root:Genome Fusarium_oxysporum_f_sp_cubense_race_1 found and added to the database.
INFO:root:Genome Fusarium_oxysporum_f_sp_cubense_race_4 found and added to the database.
INFO:root:Genome Fusarium_oxysporum_f_sp_cubense_tropical_race_4_54006 found and added to the database.
INFO:root:Genome Fusarium_oxysporum_f_sp_lycopersici_mn25 found and added to the database.
INFO:root:Genome Fusarium_oxysporum_f_sp_melonis_26406 found and added to the database.
INFO:root:Genome Fusarium_oxysporum_f_sp_pisi_hdv247 found and added to the database.
INFO:root:Genome Fusarium_oxysporum_f_sp_radicis_lycopersici_26381 found and added to the database.
INFO:root:Genome Fusarium_oxysporum_f_sp_raphani_54005 found and added to the database.
INFO:root:Genome Fusarium_oxysporum_f_sp_vasinfectum_25433 found and added to the database.
INFO:root:Genome Fusarium_oxysporum_fo47 found and added to the database.
INFO:root:Genome Fusarium_oxysporum_fosc_3_a found and added to the database.
INFO:root:Genome Glarea_lozoyensis_74030 found and added to the database.
INFO:root:Genome Glarea_lozoyensis_74030 found and added to the database.
INFO:root:Genome Glarea_lozoyensis_atcc_20868 found and added to the database.
INFO:root:Genome Grosmannia_clavigera_kw1407 found and added to the database.
INFO:root:Genome Histoplasma_capsulatum_g186ar found and added to the database.
INFO:root:Genome Histoplasma_capsulatum_h143 found and added to the database.
INFO:root:Genome Histoplasma_capsulatum_h143 found and added to the database.
INFO:root:Genome Histoplasma_capsulatum_h88 found and added to the database.
INFO:root:Genome Histoplasma_capsulatum_h88 found and added to the database.
INFO:root:Genome Histoplasma_capsulatum_nam1 found and added to the database.
INFO:root:Genome Kazachstania_africana_cbs_2517 found and added to the database.
INFO:root:Genome Kazachstania_naganishii_cbs_8797 found and added to the database.
INFO:root:Genome Kluyveromyces_lactis found and added to the database.
INFO:root:Genome Komagataella_phaffii_cbs_7435 found and added to the database.
INFO:root:Genome Kuraishia_capsulata_cbs_1993 found and added to the database.
INFO:root:Genome Lachancea_thermotolerans_cbs_6340 found and added to the database.
INFO:root:Genome Lodderomyces_elongisporus_nrrl_yb_4239 found and added to the database.
INFO:root:Genome Lodderomyces_elongisporus_nrrl_yb_4239 found and added to the database.
INFO:root:Genome Macrophomina_phaseolina_ms6 found and added to the database.
INFO:root:Genome Marssonina_brunnea_f_sp_multigermtubi_mb_m1 found and added to the database.
INFO:root:Genome Metarhizium_acridum_cqma_102 found and added to the database.
INFO:root:Genome Metarhizium_anisopliae found and added to the database.
INFO:root:Genome Metarhizium_anisopliae_arsef_23 found and added to the database.
INFO:root:Genome Metarhizium_robertsii found and added to the database.
INFO:root:Genome Metarhizium_robertsii found and added to the database.
INFO:root:Genome Meyerozyma_guilliermondii_atcc_6260 found and added to the database.
INFO:root:Genome Microsporum_gypseum_cbs_118893 found and added to the database.
INFO:root:Genome Microsporum_gypseum_cbs_118893 found and added to the database.
INFO:root:Genome Millerozyma_farinosa_cbs_7064 found and added to the database.
INFO:root:Genome Myceliophthora_thermophila_atcc_42464 found and added to the database.
INFO:root:Genome Naumovozyma_castellii_cbs_4309 found and added to the database.
INFO:root:Genome Naumovozyma_dairenensis_cbs_421 found and added to the database.
INFO:root:Genome Neofusicoccum_parvum_ucrnp2 found and added to the database.
INFO:root:Genome Neurospora_tetrasperma_fgsc_2508 found and added to the database.
INFO:root:Genome Neurospora_tetrasperma_fgsc_2509 found and added to the database.
INFO:root:Genome Ogataea_parapolymorpha_dl_1 found and added to the database.
INFO:root:Genome Ophiocordyceps_sinensis_co18 found and added to the database.
INFO:root:Genome Ophiostoma_piceae_uamh_11346 found and added to the database.
INFO:root:Genome Paracoccidioides_brasiliensis_pb03 found and added to the database.
INFO:root:Genome Paracoccidioides_brasiliensis_pb18 found and added to the database.
INFO:root:Genome Paracoccidioides_sp_lutzii_pb01 found and added to the database.
INFO:root:Genome Penicillium_digitatum_pd1 found and added to the database.
INFO:root:Genome Penicillium_digitatum_pd1 found and added to the database.
INFO:root:Genome Penicillium_digitatum_phi26 found and added to the database.
INFO:root:Genome Penicillium_digitatum_phi26 found and added to the database.
INFO:root:Genome Penicillium_expansum found and added to the database.
INFO:root:Genome Penicillium_expansum_gca_000769735 found and added to the database.
INFO:root:Genome Penicillium_expansum_gca_000769745 found and added to the database.
INFO:root:Genome Penicillium_italicum found and added to the database.
INFO:root:Genome Penicillium_oxalicum_114_2 found and added to the database.
INFO:root:Genome Penicillium_roqueforti_fm164 found and added to the database.
INFO:root:Genome Penicillium_rubens_wisconsin_54_1255 found and added to the database.
INFO:root:Genome Pestalotiopsis_fici_w106_1 found and added to the database.
INFO:root:Genome Phaeoacremonium_minimum_ucrpa7 found and added to the database.
INFO:root:Genome Pichia_kudriavzevii found and added to the database.
INFO:root:Genome Pneumocystis_murina_b123 found and added to the database.
INFO:root:Genome Podospora_anserina_s_mat found and added to the database.
INFO:root:Genome Pseudogymnoascus_destructans_20631_21 found and added to the database.
INFO:root:Genome Pseudogymnoascus_destructans_20631_21 found and added to the database.
INFO:root:Genome Pseudogymnoascus_sp_vkm_f_3557 found and added to the database.
INFO:root:Genome Pseudogymnoascus_sp_vkm_f_3808 found and added to the database.
INFO:root:Genome Saccharomyces_arboricola_h_6 found and added to the database.
INFO:root:Genome Saccharomyces_arboricola_h_6 found and added to the database.
INFO:root:Genome Saccharomyces_cerevisiae_awri796 found and added to the database.
INFO:root:Genome Saccharomyces_cerevisiae_awri796 found and added to the database.
INFO:root:Genome Saccharomyces_cerevisiae_cen_pk113_7d found and added to the database.
INFO:root:Genome Saccharomyces_cerevisiae_cen_pk113_7d found and added to the database.
INFO:root:Genome Saccharomyces_cerevisiae_ec1118 found and added to the database.
INFO:root:Genome Saccharomyces_cerevisiae_ec1118 found and added to the database.
INFO:root:Genome Saccharomyces_cerevisiae_fostersb found and added to the database.
INFO:root:Genome Saccharomyces_cerevisiae_fostersb found and added to the database.
INFO:root:Genome Saccharomyces_cerevisiae_fosterso found and added to the database.
INFO:root:Genome Saccharomyces_cerevisiae_kyokai_no_7 found and added to the database.
INFO:root:Genome Saccharomyces_cerevisiae_kyokai_no_7 found and added to the database.
INFO:root:Genome Saccharomyces_cerevisiae_lalvin_qa23 found and added to the database.
INFO:root:Genome Saccharomyces_cerevisiae_lalvin_qa23 found and added to the database.
INFO:root:Genome Saccharomyces_cerevisiae_lalvin_qa23 found and added to the database.
INFO:root:Genome Saccharomyces_cerevisiae_p283 found and added to the database.
INFO:root:Genome Saccharomyces_cerevisiae_p283 found and added to the database.
INFO:root:Genome Saccharomyces_cerevisiae_p301 found and added to the database.
INFO:root:Genome Saccharomyces_cerevisiae_p301 found and added to the database.
INFO:root:Genome Saccharomyces_cerevisiae_r008 found and added to the database.
INFO:root:Genome Saccharomyces_cerevisiae_r008 found and added to the database.
INFO:root:Genome Saccharomyces_cerevisiae_r103 found and added to the database.
INFO:root:Genome Saccharomyces_cerevisiae_r103 found and added to the database.
INFO:root:Genome Saccharomyces_cerevisiae_rm11_1a found and added to the database.
INFO:root:Genome Saccharomyces_cerevisiae_vin13 found and added to the database.
INFO:root:Genome Saccharomyces_cerevisiae_vin13 found and added to the database.
INFO:root:Genome Saccharomyces_cerevisiae_vl3 found and added to the database.
INFO:root:Genome Saccharomyces_cerevisiae_vl3 found and added to the database.
INFO:root:Genome Saccharomyces_cerevisiae_x_saccharomyces_kudriavzevii_vin7 found and added to the database.
INFO:root:Genome Saccharomyces_cerevisiae_x_saccharomyces_kudriavzevii_vin7 found and added to the database.
INFO:root:Genome Saccharomyces_cerevisiae_yjm789 found and added to the database.
INFO:root:Genome Saccharomyces_cerevisiae_yjm993 found and added to the database.
INFO:root:Genome Saccharomyces_kudriavzevii_ifo_1802 found and added to the database.
INFO:root:Genome Saccharomycetaceae_sp_ashbya_aceri found and added to the database.
INFO:root:Genome Scedosporium_apiospermum found and added to the database.
INFO:root:Genome Scheffersomyces_stipitis_cbs_6054 found and added to the database.
INFO:root:Genome Sclerotinia_borealis_f_4157 found and added to the database.
INFO:root:Genome Setosphaeria_turcica_et28a found and added to the database.
INFO:root:Genome Sordaria_macrospora found and added to the database.
INFO:root:Genome Sordaria_macrospora found and added to the database.
INFO:root:Genome Spathaspora_passalidarum_nrrl_y_27907 found and added to the database.
INFO:root:Genome Sphaerulina_musiva_so2202 found and added to the database.
INFO:root:Genome Sporothrix_schenckii_atcc_58251 found and added to the database.
INFO:root:Genome Stachybotrys_chartarum_ibt_40288 found and added to the database.
INFO:root:Genome Stachybotrys_chartarum_ibt_40293 found and added to the database.
INFO:root:Genome Stachybotrys_chartarum_ibt_7711 found and added to the database.
INFO:root:Genome Stachybotrys_chlorohalonata_ibt_40285 found and added to the database.
INFO:root:Genome Talaromyces_marneffei_atcc_18224 found and added to the database.
INFO:root:Genome Talaromyces_marneffei_pm1 found and added to the database.
INFO:root:Genome Talaromyces_stipitatus_atcc_10500 found and added to the database.
INFO:root:Genome Tetrapisispora_blattae_cbs_6284 found and added to the database.
INFO:root:Genome Tetrapisispora_phaffii_cbs_4417 found and added to the database.
INFO:root:Genome Tetrapisispora_phaffii_cbs_4417 found and added to the database.
INFO:root:Genome Thielavia_terrestris_nrrl_8126 found and added to the database.
INFO:root:Genome Torulaspora_delbrueckii found and added to the database.
INFO:root:Genome Trichoderma_atroviride_imi_206040 found and added to the database.
INFO:root:Genome Trichoderma_reesei_rut_c_30 found and added to the database.
INFO:root:Genome Trichophyton_equinum_cbs_127_97 found and added to the database.
INFO:root:Genome Trichophyton_interdigitale_h6 found and added to the database.
INFO:root:Genome Trichophyton_interdigitale_mr816 found and added to the database.
INFO:root:Genome Trichophyton_rubrum_cbs_100081 found and added to the database.
INFO:root:Genome Trichophyton_rubrum_cbs_118892 found and added to the database.
INFO:root:Genome Trichophyton_rubrum_cbs_118892 found and added to the database.
INFO:root:Genome Trichophyton_rubrum_cbs_202_88 found and added to the database.
INFO:root:Genome Trichophyton_rubrum_cbs_288_86 found and added to the database.
INFO:root:Genome Trichophyton_rubrum_cbs_289_86 found and added to the database.
INFO:root:Genome Trichophyton_rubrum_cbs_735_88 found and added to the database.
INFO:root:Genome Trichophyton_rubrum_d6 found and added to the database.
INFO:root:Genome Trichophyton_rubrum_mr1448 found and added to the database.
INFO:root:Genome Trichophyton_rubrum_mr1459 found and added to the database.
INFO:root:Genome Trichophyton_rubrum_mr850 found and added to the database.
INFO:root:Genome Trichophyton_soudanense_cbs_452_61 found and added to the database.
INFO:root:Genome Trichophyton_tonsurans_cbs_112818 found and added to the database.
INFO:root:Genome Trichophyton_tonsurans_cbs_112818 found and added to the database.
INFO:root:Genome Trichophyton_verrucosum_hki_0517 found and added to the database.
INFO:root:Genome Uncinocarpus_reesii_1704 found and added to the database.
INFO:root:Genome Uncinocarpus_reesii_1704 found and added to the database.
INFO:root:Genome Ustilaginoidea_virens found and added to the database.
INFO:root:Genome Vanderwaltozyma_polyspora_dsm_70294 found and added to the database.
INFO:root:Genome Verticillium_alfalfae_vams_102 found and added to the database.
INFO:root:Genome Verticillium_alfalfae_vams_102 found and added to the database.
INFO:root:Genome Wickerhamomyces_ciferrii found and added to the database.
INFO:root:Genome Zygosaccharomyces_bailii_isa1307 found and added to the database.
INFO:root:Genome Zygosaccharomyces_rouxii found and added to the database.
INFO:root:Genome Aspergillus_flavus_af70 found and added to the database.
INFO:root:Genome Aspergillus_nidulans_fgsc_a4 found and added to the database.
INFO:root:Genome Aspergillus_ochraceoroseus found and added to the database.
INFO:root:Genome Aspergillus_rambellii found and added to the database.
INFO:root:Genome Aspergillus_ustus found and added to the database.
INFO:root:Genome Beauveria_bassiana_d1_5 found and added to the database.
INFO:root:Genome Beauveria_bassiana_d1_5 found and added to the database.
INFO:root:Genome Candida_albicans_12c found and added to the database.
INFO:root:Genome Candida_albicans_19f found and added to the database.
INFO:root:Genome Candida_albicans_ca6 found and added to the database.
INFO:root:Genome Candida_albicans_l26 found and added to the database.
INFO:root:Genome Candida_albicans_p34048 found and added to the database.
INFO:root:Genome Candida_albicans_p37039 found and added to the database.
INFO:root:Genome Candida_albicans_p57055 found and added to the database.
INFO:root:Genome Candida_albicans_p60002 found and added to the database.
INFO:root:Genome Candida_albicans_p75010 found and added to the database.
INFO:root:Genome Candida_albicans_p75016 found and added to the database.
INFO:root:Genome Candida_albicans_p75063 found and added to the database.
INFO:root:Genome Candida_albicans_p76055 found and added to the database.
INFO:root:Genome Candida_albicans_p76067 found and added to the database.
INFO:root:Genome Candida_albicans_p78042 found and added to the database.
INFO:root:Genome Candida_albicans_p87 found and added to the database.
INFO:root:Genome Candida_albicans_p94015 found and added to the database.
INFO:root:Genome Candida_albicans_sc5314 found and added to the database.
INFO:root:Genome Candida_albicans_sc5314_gca_000784655 found and added to the database.
INFO:root:Genome Capronia_semi_immersa found and added to the database.
INFO:root:Genome Ceratocystis_platani found and added to the database.
INFO:root:Genome Ceratocystis_platani found and added to the database.
INFO:root:Genome Cladophialophora_bantiana_cbs_173_52 found and added to the database.
INFO:root:Genome Cladophialophora_immunda found and added to the database.
INFO:root:Genome Coccidioides_immitis_rmscc_2394 found and added to the database.
INFO:root:Genome Coccidioides_immitis_rmscc_3703 found and added to the database.
INFO:root:Genome Coccidioides_posadasii_rmscc_3488 found and added to the database.
INFO:root:Genome Diaporthe_ampelina found and added to the database.
INFO:root:Genome Diplodia_seriata found and added to the database.
INFO:root:Genome Emmonsia_crescens_uamh_3008 found and added to the database.
INFO:root:Genome Emmonsia_parva_uamh_139 found and added to the database.
INFO:root:Genome Eremothecium_gossypii_fdag1 found and added to the database.
INFO:root:Genome Erysiphe_necator found and added to the database.
INFO:root:Genome Exophiala_mesophila found and added to the database.
INFO:root:Genome Exophiala_oligosperma found and added to the database.
INFO:root:Genome Exophiala_sideris found and added to the database.
INFO:root:Genome Exophiala_spinifera found and added to the database.
INFO:root:Genome Exophiala_xenobiotica found and added to the database.
INFO:root:Genome Fonsecaea_multimorphosa_cbs_102226 found and added to the database.
INFO:root:Genome Fonsecaea_pedrosoi_cbs_271_37 found and added to the database.
INFO:root:Genome Fusarium_fujikuroi_gca_001023035 found and added to the database.
INFO:root:Genome Fusarium_fujikuroi_gca_001023065 found and added to the database.
INFO:root:Genome Hanseniaspora_uvarum_dsm_2768 found and added to the database.
INFO:root:Genome Hirsutella_minnesotensis_3608 found and added to the database.
INFO:root:Genome Lachancea_lanzarotensis found and added to the database.
INFO:root:Genome Metarhizium_album_arsef_1941 found and added to the database.
INFO:root:Genome Metarhizium_anisopliae_arsef_549 found and added to the database.
INFO:root:Genome Metarhizium_anisopliae_brip_53284 found and added to the database.
INFO:root:Genome Metarhizium_anisopliae_brip_53293 found and added to the database.
INFO:root:Genome Metarhizium_brunneum_arsef_3297 found and added to the database.
INFO:root:Genome Metarhizium_guizhouense_arsef_977 found and added to the database.
INFO:root:Genome Metarhizium_majus_arsef_297 found and added to the database.
INFO:root:Genome Neurospora_crassa_gca_000786625 found and added to the database.
INFO:root:Genome Oidiodendron_maius_zn found and added to the database.
INFO:root:Genome Penicillium_brasilianum found and added to the database.
INFO:root:Genome Penicillium_camemberti_fm_013 found and added to the database.
INFO:root:Genome Pseudogymnoascus_sp_vkm_f_103 found and added to the database.
INFO:root:Genome Pseudogymnoascus_sp_vkm_f_3775 found and added to the database.
INFO:root:Genome Pseudogymnoascus_sp_vkm_f_4246 found and added to the database.
INFO:root:Genome Pseudogymnoascus_sp_vkm_f_4281_fw_2241 found and added to the database.
INFO:root:Genome Pseudogymnoascus_sp_vkm_f_4513_fw_928 found and added to the database.
INFO:root:Genome Pseudogymnoascus_sp_vkm_f_4514_fw_929 found and added to the database.
INFO:root:Genome Pseudogymnoascus_sp_vkm_f_4515_fw_2607 found and added to the database.
INFO:root:Genome Pseudogymnoascus_sp_vkm_f_4516_fw_969 found and added to the database.
INFO:root:Genome Pseudogymnoascus_sp_vkm_f_4517_fw_2822 found and added to the database.
INFO:root:Genome Pseudogymnoascus_sp_vkm_f_4518_fw_2643 found and added to the database.
INFO:root:Genome Pseudogymnoascus_sp_vkm_f_4519_fw_2642 found and added to the database.
INFO:root:Genome Pseudogymnoascus_sp_vkm_f_4520_fw_2644 found and added to the database.
INFO:root:Genome Rasamsonia_emersonii_cbs_393_64 found and added to the database.
INFO:root:Genome Rhinocladiella_mackenziei_cbs_650_93 found and added to the database.
INFO:root:Genome Saccharomyces_cerevisiae_yjm1078 found and added to the database.
INFO:root:Genome Saccharomyces_cerevisiae_yjm1083 found and added to the database.
INFO:root:Genome Saccharomyces_cerevisiae_yjm1129 found and added to the database.
INFO:root:Genome Saccharomyces_cerevisiae_yjm1133 found and added to the database.
INFO:root:Genome Saccharomyces_cerevisiae_yjm1202 found and added to the database.
INFO:root:Genome Saccharomyces_cerevisiae_yjm1242 found and added to the database.
INFO:root:Genome Saccharomyces_cerevisiae_yjm1244 found and added to the database.
INFO:root:Genome Saccharomyces_cerevisiae_yjm1248 found and added to the database.
INFO:root:Genome Saccharomyces_cerevisiae_yjm1250 found and added to the database.
INFO:root:Genome Saccharomyces_cerevisiae_yjm1252 found and added to the database.
INFO:root:Genome Saccharomyces_cerevisiae_yjm1273 found and added to the database.
INFO:root:Genome Saccharomyces_cerevisiae_yjm1304 found and added to the database.
INFO:root:Genome Saccharomyces_cerevisiae_yjm1307 found and added to the database.
INFO:root:Genome Saccharomyces_cerevisiae_yjm1311 found and added to the database.
INFO:root:Genome Saccharomyces_cerevisiae_yjm1332 found and added to the database.
INFO:root:Genome Saccharomyces_cerevisiae_yjm1336 found and added to the database.
INFO:root:Genome Saccharomyces_cerevisiae_yjm1341 found and added to the database.
INFO:root:Genome Saccharomyces_cerevisiae_yjm1342 found and added to the database.
INFO:root:Genome Saccharomyces_cerevisiae_yjm1355 found and added to the database.
INFO:root:Genome Saccharomyces_cerevisiae_yjm1381 found and added to the database.
INFO:root:Genome Saccharomyces_cerevisiae_yjm1385 found and added to the database.
INFO:root:Genome Saccharomyces_cerevisiae_yjm1388 found and added to the database.
INFO:root:Genome Saccharomyces_cerevisiae_yjm1389 found and added to the database.
INFO:root:Genome Saccharomyces_cerevisiae_yjm1399 found and added to the database.
INFO:root:Genome Saccharomyces_cerevisiae_yjm1400 found and added to the database.
INFO:root:Genome Saccharomyces_cerevisiae_yjm1401 found and added to the database.
INFO:root:Genome Saccharomyces_cerevisiae_yjm1402 found and added to the database.
INFO:root:Genome Saccharomyces_cerevisiae_yjm1418 found and added to the database.
INFO:root:Genome Saccharomyces_cerevisiae_yjm1419 found and added to the database.
INFO:root:Genome Saccharomyces_cerevisiae_yjm1434 found and added to the database.
INFO:root:Genome Saccharomyces_cerevisiae_yjm1443 found and added to the database.
INFO:root:Genome Saccharomyces_cerevisiae_yjm1444 found and added to the database.
INFO:root:Genome Saccharomyces_cerevisiae_yjm1447 found and added to the database.
INFO:root:Genome Saccharomyces_cerevisiae_yjm1450 found and added to the database.
INFO:root:Genome Saccharomyces_cerevisiae_yjm1460 found and added to the database.
INFO:root:Genome Saccharomyces_cerevisiae_yjm1463 found and added to the database.
INFO:root:Genome Saccharomyces_cerevisiae_yjm1477 found and added to the database.
INFO:root:Genome Saccharomyces_cerevisiae_yjm1478 found and added to the database.
INFO:root:Genome Saccharomyces_cerevisiae_yjm1479 found and added to the database.
INFO:root:Genome Saccharomyces_cerevisiae_yjm1527 found and added to the database.
INFO:root:Genome Saccharomyces_cerevisiae_yjm1549 found and added to the database.
INFO:root:Genome Saccharomyces_cerevisiae_yjm1573 found and added to the database.
INFO:root:Genome Saccharomyces_cerevisiae_yjm1574 found and added to the database.
INFO:root:Genome Saccharomyces_cerevisiae_yjm1615 found and added to the database.
INFO:root:Genome Saccharomyces_cerevisiae_yjm189 found and added to the database.
INFO:root:Genome Saccharomyces_cerevisiae_yjm195 found and added to the database.
INFO:root:Genome Saccharomyces_cerevisiae_yjm270 found and added to the database.
INFO:root:Genome Saccharomyces_cerevisiae_yjm271 found and added to the database.
INFO:root:Genome Saccharomyces_cerevisiae_yjm326 found and added to the database.
INFO:root:Genome Saccharomyces_cerevisiae_yjm428 found and added to the database.
INFO:root:Genome Saccharomyces_cerevisiae_yjm450 found and added to the database.
INFO:root:Genome Saccharomyces_cerevisiae_yjm451 found and added to the database.
INFO:root:Genome Saccharomyces_cerevisiae_yjm453 found and added to the database.
INFO:root:Genome Saccharomyces_cerevisiae_yjm456 found and added to the database.
INFO:root:Genome Saccharomyces_cerevisiae_yjm470 found and added to the database.
INFO:root:Genome Saccharomyces_cerevisiae_yjm541 found and added to the database.
INFO:root:Genome Saccharomyces_cerevisiae_yjm554 found and added to the database.
INFO:root:Genome Saccharomyces_cerevisiae_yjm555 found and added to the database.
INFO:root:Genome Saccharomyces_cerevisiae_yjm627 found and added to the database.
INFO:root:Genome Saccharomyces_cerevisiae_yjm681 found and added to the database.
INFO:root:Genome Saccharomyces_cerevisiae_yjm682 found and added to the database.
INFO:root:Genome Saccharomyces_cerevisiae_yjm683 found and added to the database.
INFO:root:Genome Saccharomyces_cerevisiae_yjm689 found and added to the database.
INFO:root:Genome Saccharomyces_cerevisiae_yjm693 found and added to the database.
INFO:root:Genome Saccharomyces_cerevisiae_yjm972 found and added to the database.
INFO:root:Genome Saccharomyces_cerevisiae_yjm975 found and added to the database.
INFO:root:Genome Saccharomyces_cerevisiae_yjm978 found and added to the database.
INFO:root:Genome Saccharomyces_cerevisiae_yjm981 found and added to the database.
INFO:root:Genome Saccharomyces_cerevisiae_yjm984 found and added to the database.
INFO:root:Genome Saccharomyces_cerevisiae_yjm987 found and added to the database.
INFO:root:Genome Saccharomyces_cerevisiae_yjm990 found and added to the database.
INFO:root:Genome Saccharomyces_cerevisiae_yjm996 found and added to the database.
INFO:root:Genome Saitoella_complicata_nrrl_y_17804 found and added to the database.
INFO:root:Genome Sporothrix_brasiliensis_5110 found and added to the database.
INFO:root:Genome Sporothrix_brasiliensis_5110 found and added to the database.
INFO:root:Genome Sporothrix_schenckii_1099_18 found and added to the database.
INFO:root:Genome Sporothrix_schenckii_1099_18 found and added to the database.
INFO:root:Genome Talaromyces_cellulolyticus found and added to the database.
INFO:root:Genome Talaromyces_islandicus found and added to the database.
INFO:root:Genome Thielaviopsis_punctulata found and added to the database.
INFO:root:Genome Torrubiella_hemipterigena found and added to the database.
INFO:root:Genome Trichoderma_harzianum found and added to the database.
INFO:root:Genome Verruconis_gallopava found and added to the database.
INFO:root:Genome Zymoseptoria_brevis found and added to the database.
INFO:root:Genome candida_auris found and added to the database.
INFO:root:Genome candida_glabrata_gca_001466525 found and added to the database.
INFO:root:Genome candida_glabrata_gca_001466525 found and added to the database.
INFO:root:Genome candida_glabrata_gca_001466535 found and added to the database.
INFO:root:Genome candida_glabrata_gca_001466565 found and added to the database.
INFO:root:Genome candida_glabrata_gca_001466575 found and added to the database.
INFO:root:Genome candida_glabrata_gca_001466635 found and added to the database.
INFO:root:Genome candida_glabrata_gca_001466685 found and added to the database.
INFO:root:Genome Acidomyces_richmondensis found and added to the database.
INFO:root:Genome Acidomyces_richmondensis_bfw found and added to the database.
INFO:root:Genome Alternaria_alternata found and added to the database.
INFO:root:Genome Aschersonia_aleyrodis_rcef_2490 found and added to the database.
INFO:root:Genome Ascochyta_rabiei found and added to the database.
INFO:root:Genome Ascoidea_rubescens_dsm_1968 found and added to the database.
INFO:root:Genome Ascosphaera_apis_arsef_7405 found and added to the database.
INFO:root:Genome Aspergillus_calidoustus found and added to the database.
INFO:root:Genome Aspergillus_cristatus found and added to the database.
INFO:root:Genome Aspergillus_fumigatus_z5 found and added to the database.
INFO:root:Genome Aspergillus_lentulus found and added to the database.
INFO:root:Genome Aspergillus_luchuensis found and added to the database.
INFO:root:Genome Aspergillus_niger_gca_001515345 found and added to the database.
INFO:root:Genome Aspergillus_nomius_nrrl_13137 found and added to the database.
INFO:root:Genome Aspergillus_parasiticus_su_1 found and added to the database.
INFO:root:Genome Aspergillus_udagawae found and added to the database.
INFO:root:Genome Babjeviella_inositovora_nrrl_y_12698 found and added to the database.
INFO:root:Genome Candida_arabinofermentans_nrrl_yb_2248 found and added to the database.
INFO:root:Genome Candida_parapsilosis_cdc317 found and added to the database.
INFO:root:Genome Candida_parapsilosis_cdc317 found and added to the database.
INFO:root:Genome Candida_tanzawaensis_nrrl_y_17324 found and added to the database.
INFO:root:Genome Cladophialophora_carrionii found and added to the database.
INFO:root:Genome Cladophialophora_carrionii found and added to the database.
INFO:root:Genome Coccidioides_immitis_h538_4 found and added to the database.
INFO:root:Genome Colletotrichum_higginsianum_imi_349063 found and added to the database.
INFO:root:Genome Colletotrichum_higginsianum_imi_349063 found and added to the database.
INFO:root:Genome Colletotrichum_incanum found and added to the database.
INFO:root:Genome Colletotrichum_nymphaeae_sa_01 found and added to the database.
INFO:root:Genome Colletotrichum_salicis found and added to the database.
INFO:root:Genome Colletotrichum_simmondsii found and added to the database.
INFO:root:Genome Colletotrichum_tofieldiae found and added to the database.
INFO:root:Genome Cordyceps_brongniartii_rcef_3172 found and added to the database.
INFO:root:Genome Cordyceps_confragosa found and added to the database.
INFO:root:Genome Cordyceps_confragosa_rcef_1005 found and added to the database.
INFO:root:Genome Cyberlindnera_jadinii found and added to the database.
INFO:root:Genome Cyberlindnera_jadinii_nrrl_y_1542 found and added to the database.
INFO:root:Genome Debaryomyces_fabryi found and added to the database.
INFO:root:Genome Diaporthe_helianthi found and added to the database.
INFO:root:Genome Drechmeria_coniospora found and added to the database.
INFO:root:Genome Drechmeria_coniospora found and added to the database.
INFO:root:Genome Emmonsia_sp_cac_2015a found and added to the database.
INFO:root:Genome Eremothecium_sinecaudum found and added to the database.
INFO:root:Genome Escovopsis_weberi found and added to the database.
INFO:root:Genome Fonsecaea_erecta found and added to the database.
INFO:root:Genome Fonsecaea_monophora found and added to the database.
INFO:root:Genome Fonsecaea_multimorphosa found and added to the database.
INFO:root:Genome Fonsecaea_nubica found and added to the database.
INFO:root:Genome Fusarium_fujikuroi_gca_001023045 found and added to the database.
INFO:root:Genome Fusarium_fujikuroi_imi_58289 found and added to the database.
INFO:root:Genome Fusarium_langsethiae found and added to the database.
INFO:root:Genome Fusarium_poae found and added to the database.
INFO:root:Genome Fusarium_poae found and added to the database.
INFO:root:Genome Geotrichum_candidum found and added to the database.
INFO:root:Genome Hanseniaspora_opuntiae found and added to the database.
INFO:root:Genome Hanseniaspora_osmophila found and added to the database.
INFO:root:Genome Hanseniaspora_uvarum found and added to the database.
INFO:root:Genome Hanseniaspora_valbyensis_nrrl_y_1626 found and added to the database.
INFO:root:Genome Hyphopichia_burtonii_nrrl_y_1933 found and added to the database.
INFO:root:Genome Isaria_fumosorosea_arsef_2679 found and added to the database.
INFO:root:Genome Kluyveromyces_marxianus found and added to the database.
INFO:root:Genome Kluyveromyces_marxianus_dmku3_1042 found and added to the database.
INFO:root:Genome Komagataella_pastoris_gca_001708105 found and added to the database.
INFO:root:Genome Komagataella_pastoris_gca_001708105 found and added to the database.
INFO:root:Genome Komagataella_phaffii found and added to the database.
INFO:root:Genome Komagataella_phaffii found and added to the database.
INFO:root:Genome Lipomyces_starkeyi_nrrl_y_11557 found and added to the database.
INFO:root:Genome Madurella_mycetomatis found and added to the database.
INFO:root:Genome Metarhizium_rileyi_rcef_4871 found and added to the database.
INFO:root:Genome Metschnikowia_bicuspidata_var_bicuspidata_nrrl_yb_4993 found and added to the database.
INFO:root:Genome Microdochium_bolleyi found and added to the database.
INFO:root:Genome Mycosphaerella_eumusae found and added to the database.
INFO:root:Genome Nadsonia_fulvescens_var_elongata_dsm_6958 found and added to the database.
INFO:root:Genome Neonectria_ditissima found and added to the database.
INFO:root:Genome Ogataea_polymorpha found and added to the database.
INFO:root:Genome Ophiocordyceps_unilateralis found and added to the database.
INFO:root:Genome Pachysolen_tannophilus_nrrl_y_2460 found and added to the database.
INFO:root:Genome Paracoccidioides_brasiliensis found and added to the database.
INFO:root:Genome Paracoccidioides_brasiliensis_gca_001713695 found and added to the database.
INFO:root:Genome Paraphaeosphaeria_sporulosa found and added to the database.
INFO:root:Genome Penicillium_chrysogenum found and added to the database.
INFO:root:Genome Penicillium_freii found and added to the database.
INFO:root:Genome Penicillium_griseofulvum found and added to the database.
INFO:root:Genome Penicillium_nordicum found and added to the database.
INFO:root:Genome Phaeomoniella_chlamydospora found and added to the database.
INFO:root:Genome Phialocephala_scopiformis found and added to the database.
INFO:root:Genome Phialophora_attae found and added to the database.
INFO:root:Genome Pichia_membranifaciens_nrrl_y_2026 found and added to the database.
INFO:root:Genome Pneumocystis_carinii_b80 found and added to the database.
INFO:root:Genome Pneumocystis_jirovecii_ru7 found and added to the database.
INFO:root:Genome Pochonia_chlamydosporia_170 found and added to the database.
INFO:root:Genome Pseudocercospora_musae found and added to the database.
INFO:root:Genome Pseudogymnoascus_destructans found and added to the database.
INFO:root:Genome Pseudogymnoascus_sp_03vt05 found and added to the database.
INFO:root:Genome Pseudogymnoascus_sp_05ny08 found and added to the database.
INFO:root:Genome Pseudogymnoascus_sp_23342_1_i1 found and added to the database.
INFO:root:Genome Pseudogymnoascus_sp_24mn13 found and added to the database.
INFO:root:Genome Pseudogymnoascus_sp_wsf_3629 found and added to the database.
INFO:root:Genome Pseudogymnoascus_verrucosus found and added to the database.
INFO:root:Genome Purpureocillium_lilacinum found and added to the database.
INFO:root:Genome Pyrenochaeta_sp_ds3say3a found and added to the database.
INFO:root:Genome Pyronema_omphalodes_cbs_100304 found and added to the database.
INFO:root:Genome Rosellinia_necatrix found and added to the database.
INFO:root:Genome Saccharomyces_cerevisiae_gca_000091065 found and added to the database.
INFO:root:Genome Saccharomyces_cerevisiae_gca_001634645 found and added to the database.
INFO:root:Genome Saccharomyces_cerevisiae_gca_001634645 found and added to the database.
INFO:root:Genome Saccharomyces_cerevisiae_yjm1190 found and added to the database.
INFO:root:Genome Saccharomyces_cerevisiae_yjm1199 found and added to the database.
INFO:root:Genome Saccharomyces_cerevisiae_yjm1208 found and added to the database.
INFO:root:Genome Saccharomyces_cerevisiae_yjm1326 found and added to the database.
INFO:root:Genome Saccharomyces_cerevisiae_yjm1338 found and added to the database.
INFO:root:Genome Saccharomyces_cerevisiae_yjm1356 found and added to the database.
INFO:root:Genome Saccharomyces_cerevisiae_yjm1383 found and added to the database.
INFO:root:Genome Saccharomyces_cerevisiae_yjm1386 found and added to the database.
INFO:root:Genome Saccharomyces_cerevisiae_yjm1387 found and added to the database.
INFO:root:Genome Saccharomyces_cerevisiae_yjm1415 found and added to the database.
INFO:root:Genome Saccharomyces_cerevisiae_yjm1417 found and added to the database.
INFO:root:Genome Saccharomyces_cerevisiae_yjm1433 found and added to the database.
INFO:root:Genome Saccharomyces_cerevisiae_yjm1439 found and added to the database.
INFO:root:Genome Saccharomyces_cerevisiae_yjm1526 found and added to the database.
INFO:root:Genome Saccharomyces_cerevisiae_yjm1592 found and added to the database.
INFO:root:Genome Saccharomyces_cerevisiae_yjm193 found and added to the database.
INFO:root:Genome Saccharomyces_cerevisiae_yjm244 found and added to the database.
INFO:root:Genome Saccharomyces_cerevisiae_yjm248 found and added to the database.
INFO:root:Genome Saccharomyces_cerevisiae_yjm320 found and added to the database.
INFO:root:Genome Saccharomyces_cerevisiae_yjm969 found and added to the database.
INFO:root:Genome Saccharomyces_eubayanus found and added to the database.
INFO:root:Genome Saccharomyces_eubayanus found and added to the database.
INFO:root:Genome Saccharomyces_sp_boulardii found and added to the database.
INFO:root:Genome Saccharomyces_sp_boulardii found and added to the database.
INFO:root:Genome Saccharomyces_sp_boulardii_gca_001413975 found and added to the database.
INFO:root:Genome Saccharomyces_sp_boulardii_gca_001413975 found and added to the database.
INFO:root:Genome Saitoella_complicata_nrrl_y_17804_gca_001661265 found and added to the database.
INFO:root:Genome Sporothrix_insectorum_rcef_264 found and added to the database.
INFO:root:Genome Stagonospora_sp_src1lsm3a found and added to the database.
INFO:root:Genome Stemphylium_lycopersici found and added to the database.
INFO:root:Genome Sugiyamaella_lignohabitans found and added to the database.
INFO:root:Genome Tolypocladium_ophioglossoides_cbs_100239 found and added to the database.
INFO:root:Genome Tortispora_caseinolytica_nrrl_y_17796 found and added to the database.
INFO:root:Genome Trichoderma_gamsii found and added to the database.
INFO:root:Genome Trichophyton_rubrum found and added to the database.
INFO:root:Genome Trichophyton_violaceum found and added to the database.
INFO:root:Genome Ustilaginoidea_virens_gca_000965225 found and added to the database.
INFO:root:Genome Valsa_mali found and added to the database.
INFO:root:Genome Valsa_mali found and added to the database.
INFO:root:Genome Valsa_mali_var_pyri found and added to the database.
INFO:root:Genome Verticillium_longisporum found and added to the database.
INFO:root:Genome Verticillium_longisporum_gca_001268165 found and added to the database.
INFO:root:Genome Wickerhamomyces_anomalus_nrrl_y_366_8 found and added to the database.
INFO:root:Genome Xylona_heveae_tc161 found and added to the database.
INFO:root:Genome Yarrowia_lipolytica_gca_001761485 found and added to the database.
INFO:root:Genome Agaricus_bisporus_var_bisporus_h97 found and added to the database.
INFO:root:Genome Agaricus_bisporus_var_burnettii_jb137_s8 found and added to the database.
INFO:root:Genome Amanita_muscaria_koide_bx008 found and added to the database.
INFO:root:Genome Anthracocystis_flocculosa_pf_1 found and added to the database.
INFO:root:Genome Botryobasidium_botryosum_fd_172_ss1 found and added to the database.
INFO:root:Genome Calocera_cornea_hhb12733 found and added to the database.
INFO:root:Genome Calocera_viscosa_tufc12733 found and added to the database.
INFO:root:Genome Ceraceosorus_bombacis found and added to the database.
INFO:root:Genome Coniophora_puteana_rwd_64_598_ss2 found and added to the database.
INFO:root:Genome Coprinopsis_cinerea_okayama7_130 found and added to the database.
INFO:root:Genome Coprinopsis_cinerea_okayama7_130 found and added to the database.
INFO:root:Genome Cryptococcus_amylolentus_cbs_6039 found and added to the database.
INFO:root:Genome Cryptococcus_amylolentus_cbs_6273 found and added to the database.
INFO:root:Genome Cryptococcus_depauperatus_cbs_7841 found and added to the database.
INFO:root:Genome Cryptococcus_depauperatus_cbs_7855 found and added to the database.
INFO:root:Genome Cryptococcus_gattii_ca1280 found and added to the database.
INFO:root:Genome Cryptococcus_gattii_ca1873 found and added to the database.
INFO:root:Genome Cryptococcus_gattii_e566 found and added to the database.
INFO:root:Genome Cryptococcus_gattii_ejb2 found and added to the database.
INFO:root:Genome Cryptococcus_gattii_nt_10 found and added to the database.
INFO:root:Genome Cryptococcus_gattii_ru294 found and added to the database.
INFO:root:Genome Cryptococcus_gattii_vgii_2001_935_1 found and added to the database.
INFO:root:Genome Cryptococcus_gattii_vgii_99_473 found and added to the database.
INFO:root:Genome Cryptococcus_gattii_vgii_ca1014 found and added to the database.
INFO:root:Genome Cryptococcus_gattii_vgii_cbs_10090 found and added to the database.
INFO:root:Genome Cryptococcus_gattii_vgii_la55 found and added to the database.
INFO:root:Genome Cryptococcus_gattii_vgii_mmrl2647 found and added to the database.
INFO:root:Genome Cryptococcus_gattii_vgii_r265 found and added to the database.
INFO:root:Genome Cryptococcus_gattii_vgii_r265 found and added to the database.
INFO:root:Genome Cryptococcus_gattii_vgii_ram5 found and added to the database.
INFO:root:Genome Cryptococcus_gattii_vgiv_ind107 found and added to the database.
INFO:root:Genome Cryptococcus_gattii_wm276 found and added to the database.
INFO:root:Genome Cryptococcus_neoformans_var_grubii_h99 found and added to the database.
INFO:root:Genome Cryptococcus_neoformans_var_neoformans_b_3501a found and added to the database.
INFO:root:Genome Cutaneotrichosporon_oleaginosus found and added to the database.
INFO:root:Genome Cylindrobasidium_torrendii_fp15055_ss_10 found and added to the database.
INFO:root:Genome Dacryopinax_primogenitus found and added to the database.
INFO:root:Genome Daedalea_quercina_l_15889 found and added to the database.
INFO:root:Genome Dichomitus_squalens_lyad_421_ss1 found and added to the database.
INFO:root:Genome Exidia_glandulosa_hhb12029 found and added to the database.
INFO:root:Genome Fibroporia_radiculosa found and added to the database.
INFO:root:Genome Fibulorhizoctonia_sp_cbs_109695 found and added to the database.
INFO:root:Genome Fistulina_hepatica_atcc_64428 found and added to the database.
INFO:root:Genome Fomitiporia_mediterranea_mf3_22 found and added to the database.
INFO:root:Genome Fomitopsis_pinicola_fp_58527_ss1 found and added to the database.
INFO:root:Genome Galerina_marginata_cbs_339_88 found and added to the database.
INFO:root:Genome Gelatoporia_subvermispora_b found and added to the database.
INFO:root:Genome Gloeophyllum_trabeum_atcc_11539 found and added to the database.
INFO:root:Genome Grifola_frondosa found and added to the database.
INFO:root:Genome Gymnopus_luxurians_fd_317_m1 found and added to the database.
INFO:root:Genome Hebeloma_cylindrosporum_h7 found and added to the database.
INFO:root:Genome Heterobasidion_irregulare_tc_32_1 found and added to the database.
INFO:root:Genome Hydnomerulius_pinastri_md_312 found and added to the database.
INFO:root:Genome Hypholoma_sublateritium_fd_334_ss_4 found and added to the database.
INFO:root:Genome Hypsizygus_marmoreus found and added to the database.
INFO:root:Genome Jaapia_argillacea_mucl_33604 found and added to the database.
INFO:root:Genome Kalmanozyma_brasiliensis_ghg001 found and added to the database.
INFO:root:Genome Kwoniella_bestiolae_cbs_10118 found and added to the database.
INFO:root:Genome Kwoniella_dejecticola_cbs_10117 found and added to the database.
INFO:root:Genome Kwoniella_heveanensis_bcc8398 found and added to the database.
INFO:root:Genome Kwoniella_heveanensis_cbs_569 found and added to the database.
INFO:root:Genome Kwoniella_mangroviensis_cbs_10435 found and added to the database.
INFO:root:Genome Kwoniella_mangroviensis_cbs_8507 found and added to the database.
INFO:root:Genome Kwoniella_mangroviensis_cbs_8886 found and added to the database.
INFO:root:Genome Kwoniella_pini_cbs_10737 found and added to the database.
INFO:root:Genome Laccaria_amethystina_laam_08_1 found and added to the database.
INFO:root:Genome Laccaria_bicolor_s238n_h82 found and added to the database.
INFO:root:Genome Laetiporus_sulphureus_93_53 found and added to the database.
INFO:root:Genome Leucoagaricus_sp_symc_cos found and added to the database.
INFO:root:Genome Malassezia_pachydermatis found and added to the database.
INFO:root:Genome Malassezia_sympodialis_atcc_42132 found and added to the database.
INFO:root:Genome Mixia_osmundae_iam_14324 found and added to the database.
INFO:root:Genome Mixia_osmundae_iam_14324_gca_000708205 found and added to the database.
INFO:root:Genome Moesziomyces_antarcticus found and added to the database.
INFO:root:Genome Moesziomyces_aphidis_dsm_70725 found and added to the database.
INFO:root:Genome Moniliophthora_perniciosa_fa553 found and added to the database.
INFO:root:Genome Moniliophthora_roreri found and added to the database.
INFO:root:Genome Moniliophthora_roreri_mca_2997 found and added to the database.
INFO:root:Genome Neolentinus_lepideus_hhb14362_ss_1 found and added to the database.
INFO:root:Genome Paxillus_involutus_atcc_200175 found and added to the database.
INFO:root:Genome Paxillus_rubicundulus_ve08_2h10 found and added to the database.
INFO:root:Genome Peniophora_sp_cont found and added to the database.
INFO:root:Genome Phanerochaete_carnosa_hhb_10118_sp found and added to the database.
INFO:root:Genome Phlebiopsis_gigantea_11061_1_cr5_6 found and added to the database.
INFO:root:Genome Piloderma_croceum_f_1598 found and added to the database.
INFO:root:Genome Pisolithus_microcarpus_441 found and added to the database.
INFO:root:Genome Pisolithus_tinctorius_marx_270 found and added to the database.
INFO:root:Genome Pleurotus_ostreatus_pc15 found and added to the database.
INFO:root:Genome Plicaturopsis_crispa_fd_325_ss_3 found and added to the database.
INFO:root:Genome Postia_placenta_mad_698_r found and added to the database.
INFO:root:Genome Pseudozyma_hubeiensis_sy62 found and added to the database.
INFO:root:Genome Puccinia_sorghi found and added to the database.
INFO:root:Genome Puccinia_striiformis_f_sp_tritici_pst_78 found and added to the database.
INFO:root:Genome Puccinia_striiformis_f_sp_tritici_pst_78 found and added to the database.
INFO:root:Genome Punctularia_strigosozonata_hhb_11173_ss5 found and added to the database.
INFO:root:Genome Rhizoctonia_solani found and added to the database.
INFO:root:Genome Rhizoctonia_solani_123e found and added to the database.
INFO:root:Genome Rhizoctonia_solani_ag_1_ia found and added to the database.
INFO:root:Genome Rhizoctonia_solani_ag_1_ib found and added to the database.
INFO:root:Genome Rhizoctonia_solani_ag_3_rhs1ap found and added to the database.
INFO:root:Genome Rhizoctonia_solani_ag_8_wac10335 found and added to the database.
INFO:root:Genome Rhizopogon_vinicolor_am_or11_026 found and added to the database.
INFO:root:Genome Rhodotorula_glutinis_atcc_204091 found and added to the database.
INFO:root:Genome Rhodotorula_graminis_wp1 found and added to the database.
INFO:root:Genome Rhodotorula_sp_jg_1b found and added to the database.
INFO:root:Genome Rhodotorula_toruloides found and added to the database.
INFO:root:Genome Rhodotorula_toruloides_np11 found and added to the database.
INFO:root:Genome Schizophyllum_commune_h4_8 found and added to the database.
INFO:root:Genome Schizopora_paradoxa found and added to the database.
INFO:root:Genome Scleroderma_citrinum_foug_a found and added to the database.
INFO:root:Genome Serendipita_indica_dsm_11827 found and added to the database.
INFO:root:Genome Serendipita_vermifera_maff_305830 found and added to the database.
INFO:root:Genome Serpula_lacrymans_var_lacrymans_s7_3 found and added to the database.
INFO:root:Genome Serpula_lacrymans_var_lacrymans_s7_9 found and added to the database.
INFO:root:Genome Sistotremastrum_niveocremeum_hhb9708 found and added to the database.
INFO:root:Genome Sistotremastrum_suecicum_hhb10207_ss_3 found and added to the database.
INFO:root:Genome Sphaerobolus_stellatus_ss14 found and added to the database.
INFO:root:Genome Sporidiobolus_salmonicolor found and added to the database.
INFO:root:Genome Sporisorium_scitamineum found and added to the database.
INFO:root:Genome Stereum_hirsutum_fp_91666_ss1 found and added to the database.
INFO:root:Genome Suillus_luteus_uh_slu_lm8_n1 found and added to the database.
INFO:root:Genome Termitomyces_sp_j132 found and added to the database.
INFO:root:Genome Tilletia_caries found and added to the database.
INFO:root:Genome Tilletia_controversa found and added to the database.
INFO:root:Genome Tilletia_indica found and added to the database.
INFO:root:Genome Tilletia_indica found and added to the database.
INFO:root:Genome Tilletia_walkeri found and added to the database.
INFO:root:Genome Tilletia_walkeri found and added to the database.
INFO:root:Genome Tilletiaria_anomala_ubc_951 found and added to the database.
INFO:root:Genome Trametes_cinnabarina found and added to the database.
INFO:root:Genome Trametes_versicolor_fp_101664_ss1 found and added to the database.
INFO:root:Genome Tremella_mesenterica_dsm_1558 found and added to the database.
INFO:root:Genome Trichosporon_asahii_var_asahii_cbs_2479 found and added to the database.
INFO:root:Genome Trichosporon_asahii_var_asahii_cbs_2479 found and added to the database.
INFO:root:Genome Trichosporon_asahii_var_asahii_cbs_8904 found and added to the database.
INFO:root:Genome Trichosporon_asahii_var_asahii_cbs_8904 found and added to the database.
INFO:root:Genome Tsuchiyaea_wingfieldii_cbs_7118 found and added to the database.
INFO:root:Genome Tulasnella_calospora_mut_4182 found and added to the database.
INFO:root:Genome Ustilago_hordei found and added to the database.
INFO:root:Genome Wallemia_ichthyophaga_exf_994 found and added to the database.
INFO:root:Genome Wallemia_mellicola_cbs_633_66 found and added to the database.
INFO:root:Genome Xanthophyllomyces_dendrorhous found and added to the database.
INFO:root:Genome Allomyces_macrogynus_atcc_38327 found and added to the database.
INFO:root:Genome Batrachochytrium_dendrobatidis_jam81 found and added to the database.
INFO:root:Genome Batrachochytrium_dendrobatidis_jel423 found and added to the database.
INFO:root:Genome Gonapodya_prolifera_jel478 found and added to the database.
INFO:root:Genome Spizellomyces_punctatus_daom_br117 found and added to the database.
INFO:root:Genome Conidiobolus_coronatus_nrrl_28638 found and added to the database.
INFO:root:Genome Absidia_glauca found and added to the database.
INFO:root:Genome Choanephora_cucurbitarum found and added to the database.
INFO:root:Genome Lichtheimia_corymbifera_jmrc_fsu_9682 found and added to the database.
INFO:root:Genome Lichtheimia_ramosa found and added to the database.
INFO:root:Genome Mortierella_elongata_ag_77 found and added to the database.
INFO:root:Genome Mortierella_verticillata_nrrl_6337 found and added to the database.
INFO:root:Genome Mortierella_verticillata_nrrl_6337 found and added to the database.
INFO:root:Genome Mucor_ambiguus found and added to the database.
INFO:root:Genome Mucor_circinelloides_f_circinelloides_1006phl found and added to the database.
INFO:root:Genome Mucor_circinelloides_f_lusitanicus_cbs_277_49 found and added to the database.
INFO:root:Genome Parasitella_parasitica found and added to the database.
INFO:root:Genome Phycomyces_blakesleeanus_nrrl_1555 found and added to the database.
INFO:root:Genome Rhizopus_delemar_ra_99_880 found and added to the database.
INFO:root:Genome Rhizophagus_irregularis_daom_181602 found and added to the database.
INFO:root:Genome Rhizophagus_irregularis_daom_197198w found and added to the database.
INFO:root:Genome Anncaliia_algerae_pra109 found and added to the database.
INFO:root:Genome Anncaliia_algerae_pra339 found and added to the database.
INFO:root:Genome Edhazardia_aedis_usnm_41457 found and added to the database.
INFO:root:Genome Encephalitozoon_cuniculi_ecuniii_l found and added to the database.
INFO:root:Genome Encephalitozoon_cuniculi_gb_m1 found and added to the database.
INFO:root:Genome Encephalitozoon_hellem_atcc_50504 found and added to the database.
INFO:root:Genome Encephalitozoon_hellem_atcc_50504 found and added to the database.
INFO:root:Genome Encephalitozoon_intestinalis_atcc_50506 found and added to the database.
INFO:root:Genome Encephalitozoon_romaleae_sj_2008 found and added to the database.
INFO:root:Genome Encephalitozoon_romaleae_sj_2008 found and added to the database.
INFO:root:Genome Enterocytozoon_bieneusi_h348 found and added to the database.
INFO:root:Genome Mitosporidium_daphniae found and added to the database.
INFO:root:Genome Nematocida_parisii_ertm1 found and added to the database.
INFO:root:Genome Nematocida_parisii_ertm3 found and added to the database.
INFO:root:Genome Nematocida_sp_1_ertm2 found and added to the database.
INFO:root:Genome Nematocida_sp_1_ertm6 found and added to the database.
INFO:root:Genome Nematocida_sp_ertm5 found and added to the database.
INFO:root:Genome Nosema_apis_brl_01 found and added to the database.
INFO:root:Genome Nosema_bombycis_cq1 found and added to the database.
INFO:root:Genome Nosema_ceranae found and added to the database.
INFO:root:Genome Nosema_ceranae_brl01 found and added to the database.
INFO:root:Genome Ordospora_colligata_oc4 found and added to the database.
INFO:root:Genome Pseudoloma_neurophilia found and added to the database.
INFO:root:Genome Spraguea_lophii_42_110 found and added to the database.
INFO:root:Genome Trachipleistophora_hominis found and added to the database.
INFO:root:Genome Vavraia_culicis_subsp_floridensis found and added to the database.
INFO:root:Genome Vittaforma_corneae_atcc_50505 found and added to the database.
INFO:root:Genome Rozella_allomycis_csf55 found and added to the database.
INFO:root:Genome Fusarium_culmorum found and added to the database.
INFO:root:Genome Fusarium_fujikuroi found and added to the database.
INFO:root:Genome Fusarium_fujikuroi found and added to the database.
INFO:root:Genome Fusarium_graminearum found and added to the database.
INFO:root:Genome Fusarium_graminearum found and added to the database.
INFO:root:Genome Fusarium_oxysporum found and added to the database.
INFO:root:Genome Fusarium_oxysporum found and added to the database.
INFO:root:Genome Fusarium_pseudograminearum found and added to the database.
INFO:root:Genome Fusarium_pseudograminearum found and added to the database.
INFO:root:Genome Fusarium_solani found and added to the database.
INFO:root:Genome Fusarium_solani found and added to the database.
INFO:root:Genome Fusarium_verticillioides found and added to the database.
INFO:root:Genome Fusarium_verticillioides found and added to the database.
INFO:root:Genome Gaeumannomyces_graminis found and added to the database.
INFO:root:Genome Komagataella_pastoris found and added to the database.
INFO:root:Genome Leptosphaeria_maculans found and added to the database.
INFO:root:Genome Magnaporthe_oryzae found and added to the database.
INFO:root:Genome Magnaporthe_oryzae found and added to the database.
INFO:root:Genome Magnaporthe_poae found and added to the database.
INFO:root:Genome Melampsora_laricipopulina found and added to the database.
INFO:root:Genome Microbotryum_violaceum found and added to the database.
INFO:root:Genome Neosartorya_fischeri found and added to the database.
INFO:root:Genome Neurospora_crassa found and added to the database.
INFO:root:Genome Neurospora_crassa found and added to the database.
INFO:root:Genome Phaeosphaeria_nodorum found and added to the database.
INFO:root:Genome Puccinia_graminis found and added to the database.
INFO:root:Genome Puccinia_graminisug99 found and added to the database.
INFO:root:Genome Puccinia_striiformis found and added to the database.
INFO:root:Genome Puccinia_triticina found and added to the database.
INFO:root:Genome Pyrenophora_teres found and added to the database.
INFO:root:Genome Pyrenophora_triticirepentis found and added to the database.
INFO:root:Genome Pyrenophora_triticirepentis found and added to the database.
INFO:root:Genome Saccharomyces_cerevisiae found and added to the database.
INFO:root:Genome Schizosaccharomyces_cryophilus found and added to the database.
INFO:root:Genome Schizosaccharomyces_japonicus found and added to the database.
INFO:root:Genome Schizosaccharomyces_octosporus found and added to the database.
INFO:root:Genome Schizosaccharomyces_pombe found and added to the database.
INFO:root:Genome Schizosaccharomyces_pombe found and added to the database.
INFO:root:Genome Sclerotinia_sclerotiorum found and added to the database.
INFO:root:Genome Sporisorium_reilianum found and added to the database.
INFO:root:Genome Sporisorium_reilianum found and added to the database.
INFO:root:Genome Trichoderma_reesei found and added to the database.
INFO:root:Genome Trichoderma_virens found and added to the database.
INFO:root:Genome Tuber_melanosporum found and added to the database.
INFO:root:Genome Ustilago_maydis found and added to the database.
INFO:root:Genome Ustilago_maydis found and added to the database.
INFO:root:Genome Verticillium_dahliae found and added to the database.
INFO:root:Genome Verticillium_dahliaejr2 found and added to the database.
INFO:root:Genome Yarrowia_lipolytica found and added to the database.
INFO:root:Genome Zymoseptoria_tritici found and added to the database.
INFO:root:Genome Acyrthosiphon_pisum found and added to the database.
INFO:root:Genome Adineta_vaga found and added to the database.
INFO:root:Genome Aedes_aegypti found and added to the database.
INFO:root:Genome Amphimedon_queenslandica found and added to the database.
INFO:root:Genome Anopheles_darlingi found and added to the database.
INFO:root:Genome Anopheles_gambiae found and added to the database.
INFO:root:Genome Anopheles_gambiae found and added to the database.
INFO:root:Genome Anoplophora_glabripennis found and added to the database.
INFO:root:Genome Apis_mellifera found and added to the database.
INFO:root:Genome Apis_mellifera found and added to the database.
INFO:root:Genome Atta_cephalotes found and added to the database.
INFO:root:Genome Belgica_antarctica found and added to the database.
INFO:root:Genome Bombus_impatiens found and added to the database.
INFO:root:Genome Bombyx_mori found and added to the database.
INFO:root:Genome Brugia_malayi found and added to the database.
INFO:root:Genome Caenorhabditis_brenneri found and added to the database.
INFO:root:Genome Caenorhabditis_briggsae found and added to the database.
INFO:root:Genome Caenorhabditis_briggsae found and added to the database.
INFO:root:Genome Caenorhabditis_elegans found and added to the database.
INFO:root:Genome Caenorhabditis_japonica found and added to the database.
INFO:root:Genome Caenorhabditis_remanei found and added to the database.
INFO:root:Genome Capitella_teleta found and added to the database.
INFO:root:Genome Crassostrea_gigas found and added to the database.
INFO:root:Genome Culex_quinquefasciatus found and added to the database.
INFO:root:Genome Danaus_plexippus found and added to the database.
INFO:root:Genome Daphnia_pulex found and added to the database.
INFO:root:Genome Dendroctonus_ponderosae found and added to the database.
INFO:root:Genome Drosophila_ananassae found and added to the database.
INFO:root:Genome Drosophila_erecta found and added to the database.
INFO:root:Genome Drosophila_grimshawi found and added to the database.
INFO:root:Genome Drosophila_melanogaster found and added to the database.
INFO:root:Genome Drosophila_melanogaster found and added to the database.
INFO:root:Genome Drosophila_mojavensis found and added to the database.
INFO:root:Genome Drosophila_persimilis found and added to the database.
